2025-02-28 20:03:57 [scrapy.utils.log] INFO: Scrapy 2.12.0 started (bot: scrapybot)
2025-02-28 20:03:57 [scrapy.utils.log] INFO: Versions: lxml 5.3.1.0, libxml2 2.11.7, cssselect 1.2.0, parsel 1.10.0, w3lib 2.3.1, Twisted 24.11.0, Python 3.10.16 | packaged by Anaconda, Inc. | (main, Dec 11 2024, 16:19:12) [MSC v.1929 64 bit (AMD64)], pyOpenSSL 25.0.0 (OpenSSL 3.4.1 11 Feb 2025), cryptography 44.0.1, Platform Windows-10-10.0.26100-SP0
2025-02-28 20:03:57 [image_downloader] INFO: Reading start URLs from redis key 'image_pages:start_urls' (batch size: 32, encoding: utf-8)
2025-02-28 20:03:57 [scrapy.addons] INFO: Enabled addons:
[]
2025-02-28 20:03:58 [scrapy.extensions.telnet] INFO: Telnet Password: 40348404042d9b0f
2025-02-28 20:03:58 [scrapy.middleware] INFO: Enabled extensions:
['scrapy.extensions.corestats.CoreStats',
 'scrapy.extensions.telnet.TelnetConsole',
 'scrapy.extensions.logstats.LogStats',
 'scrapy.extensions.spiderstate.SpiderState',
 'scrapy.extensions.throttle.AutoThrottle']
2025-02-28 20:03:58 [scrapy.crawler] INFO: Overridden settings:
{'AUTOTHROTTLE_ENABLED': True,
 'CONCURRENT_REQUESTS': 32,
 'DOWNLOAD_DELAY': 1,
 'DUPEFILTER_CLASS': 'scrapy_redis.dupefilter.RFPDupeFilter',
 'JOBDIR': './jobs/consumer_2',
 'LOG_FILE': './logs/consumer_2.log',
 'LOG_LEVEL': 'INFO',
 'NEWSPIDER_MODULE': 'Myspider.spiders',
 'SCHEDULER': 'scrapy_redis.scheduler.Scheduler',
 'SPIDER_MODULES': ['Myspider.spiders'],
 'USER_AGENT': 'Mozilla/5.0 (Windows NT 10.0; Win64; x64) AppleWebKit/537.36 '
               '(KHTML, like Gecko) Chrome/133.0.0.0 Safari/537.36'}
2025-02-28 20:03:59 [scrapy.middleware] INFO: Enabled downloader middlewares:
['scrapy.downloadermiddlewares.offsite.OffsiteMiddleware',
 'scrapy.downloadermiddlewares.httpauth.HttpAuthMiddleware',
 'scrapy.downloadermiddlewares.downloadtimeout.DownloadTimeoutMiddleware',
 'scrapy.downloadermiddlewares.defaultheaders.DefaultHeadersMiddleware',
 'scrapy.downloadermiddlewares.useragent.UserAgentMiddleware',
 'scrapy.downloadermiddlewares.retry.RetryMiddleware',
 'scrapy.downloadermiddlewares.redirect.MetaRefreshMiddleware',
 'scrapy.downloadermiddlewares.httpcompression.HttpCompressionMiddleware',
 'scrapy.downloadermiddlewares.redirect.RedirectMiddleware',
 'scrapy.downloadermiddlewares.cookies.CookiesMiddleware',
 'scrapy.downloadermiddlewares.httpproxy.HttpProxyMiddleware',
 'scrapy.downloadermiddlewares.stats.DownloaderStats']
2025-02-28 20:03:59 [scrapy.middleware] INFO: Enabled spider middlewares:
['scrapy.spidermiddlewares.httperror.HttpErrorMiddleware',
 'scrapy.spidermiddlewares.referer.RefererMiddleware',
 'scrapy.spidermiddlewares.urllength.UrlLengthMiddleware',
 'scrapy.spidermiddlewares.depth.DepthMiddleware']
2025-02-28 20:03:59 [py.warnings] WARNING: C:\Users\31933\anaconda3\envs\Spider\lib\site-packages\scrapy\middleware.py:88: ScrapyDeprecationWarning: LinkPipeline has from_settings() but not from_crawler(). This is deprecated and calling from_settings() will be removed in a future Scrapy version. You can implement a simple from_crawler() that calls from_settings() with crawler.settings.
  mw = build_from_crawler(mwcls, crawler)

2025-02-28 20:03:59 [scrapy.middleware] WARNING: Disabled Myspider.pipelines.ImagePipeline: ImagesPipeline requires installing Pillow 4.0.0 or later
2025-02-28 20:03:59 [scrapy.middleware] INFO: Enabled item pipelines:
['Myspider.pipelines.LinkPipeline']
2025-02-28 20:03:59 [scrapy.core.engine] INFO: Spider opened
2025-02-28 20:04:01 [scrapy.extensions.logstats] INFO: Crawled 0 pages (at 0 pages/min), scraped 0 items (at 0 items/min)
2025-02-28 20:04:01 [scrapy.extensions.telnet] INFO: Telnet console listening on 127.0.0.1:6025
2025-02-28 20:04:10 [scrapy.crawler] INFO: Received SIGINT, shutting down gracefully. Send again to force 
2025-02-28 20:04:10 [scrapy.core.engine] INFO: Closing spider (shutdown)
2025-02-28 20:04:10 [scrapy.statscollectors] INFO: Dumping Scrapy stats:
{'elapsed_time_seconds': 9.582143,
 'finish_reason': 'shutdown',
 'finish_time': datetime.datetime(2025, 2, 28, 12, 4, 10, 698998, tzinfo=datetime.timezone.utc),
 'items_per_minute': None,
 'log_count/INFO': 11,
 'log_count/WARNING': 2,
 'responses_per_minute': None,
 'start_time': datetime.datetime(2025, 2, 28, 12, 4, 1, 116855, tzinfo=datetime.timezone.utc)}
2025-02-28 20:04:10 [scrapy.core.engine] INFO: Spider closed (shutdown)
2025-02-28 20:25:15 [scrapy.utils.log] INFO: Scrapy 2.12.0 started (bot: scrapybot)
2025-02-28 20:25:15 [scrapy.utils.log] INFO: Versions: lxml 5.3.1.0, libxml2 2.11.7, cssselect 1.2.0, parsel 1.10.0, w3lib 2.3.1, Twisted 24.11.0, Python 3.10.16 | packaged by Anaconda, Inc. | (main, Dec 11 2024, 16:19:12) [MSC v.1929 64 bit (AMD64)], pyOpenSSL 25.0.0 (OpenSSL 3.4.1 11 Feb 2025), cryptography 44.0.1, Platform Windows-10-10.0.26100-SP0
2025-02-28 20:25:15 [image_downloader] INFO: Reading start URLs from redis key 'image_pages:start_urls' (batch size: 32, encoding: utf-8)
2025-02-28 20:25:15 [scrapy.addons] INFO: Enabled addons:
[]
2025-02-28 20:25:16 [scrapy.extensions.telnet] INFO: Telnet Password: 4b7c0d0efd56842c
2025-02-28 20:25:16 [scrapy.middleware] INFO: Enabled extensions:
['scrapy.extensions.corestats.CoreStats',
 'scrapy.extensions.telnet.TelnetConsole',
 'scrapy.extensions.logstats.LogStats',
 'scrapy.extensions.spiderstate.SpiderState',
 'scrapy.extensions.throttle.AutoThrottle']
2025-02-28 20:25:16 [scrapy.crawler] INFO: Overridden settings:
{'AUTOTHROTTLE_ENABLED': True,
 'CONCURRENT_REQUESTS': 32,
 'DOWNLOAD_DELAY': 1,
 'DUPEFILTER_CLASS': 'scrapy_redis.dupefilter.RFPDupeFilter',
 'JOBDIR': './jobs/consumer_2',
 'LOG_FILE': './logs/consumer_2.log',
 'LOG_LEVEL': 'INFO',
 'NEWSPIDER_MODULE': 'Myspider.spiders',
 'SCHEDULER': 'scrapy_redis.scheduler.Scheduler',
 'SPIDER_MODULES': ['Myspider.spiders'],
 'USER_AGENT': 'Mozilla/5.0 (Windows NT 10.0; Win64; x64) AppleWebKit/537.36 '
               '(KHTML, like Gecko) Chrome/133.0.0.0 Safari/537.36'}
2025-02-28 20:25:17 [scrapy.middleware] INFO: Enabled downloader middlewares:
['scrapy.downloadermiddlewares.offsite.OffsiteMiddleware',
 'scrapy.downloadermiddlewares.httpauth.HttpAuthMiddleware',
 'scrapy.downloadermiddlewares.downloadtimeout.DownloadTimeoutMiddleware',
 'scrapy.downloadermiddlewares.defaultheaders.DefaultHeadersMiddleware',
 'scrapy.downloadermiddlewares.useragent.UserAgentMiddleware',
 'scrapy.downloadermiddlewares.retry.RetryMiddleware',
 'scrapy.downloadermiddlewares.redirect.MetaRefreshMiddleware',
 'scrapy.downloadermiddlewares.httpcompression.HttpCompressionMiddleware',
 'scrapy.downloadermiddlewares.redirect.RedirectMiddleware',
 'scrapy.downloadermiddlewares.cookies.CookiesMiddleware',
 'scrapy.downloadermiddlewares.httpproxy.HttpProxyMiddleware',
 'scrapy.downloadermiddlewares.stats.DownloaderStats']
2025-02-28 20:25:17 [scrapy.middleware] INFO: Enabled spider middlewares:
['scrapy.spidermiddlewares.httperror.HttpErrorMiddleware',
 'scrapy.spidermiddlewares.referer.RefererMiddleware',
 'scrapy.spidermiddlewares.urllength.UrlLengthMiddleware',
 'scrapy.spidermiddlewares.depth.DepthMiddleware']
2025-02-28 20:25:17 [scrapy.middleware] INFO: Enabled item pipelines:
['Myspider.pipelines.LinkPipeline', 'Myspider.pipelines.ImagePipeline']
2025-02-28 20:25:17 [scrapy.core.engine] INFO: Spider opened
2025-02-28 20:25:19 [scrapy.extensions.logstats] INFO: Crawled 0 pages (at 0 pages/min), scraped 0 items (at 0 items/min)
2025-02-28 20:25:19 [scrapy.extensions.telnet] INFO: Telnet console listening on 127.0.0.1:6025
2025-02-28 20:25:24 [image_downloader] WARNING: [93mWARNING: String request is deprecated, please use JSON data format. Detail information, please check https://github.com/rmax/scrapy-redis#features[0m
2025-02-28 20:25:24 [scrapy.core.scraper] WARNING: Dropped: 缺失URL字段
{'image_urls': 'https://i1.hdslb.com/bfs/archive/365dbe50496bbc42c29ac0e929ac3a22bf8e41cb.jpg@672w_378h_1c',
 'page_url': 'https://www.bilibili.com/v/car/'}
2025-02-28 20:25:29 [image_downloader] WARNING: [93mWARNING: String request is deprecated, please use JSON data format. Detail information, please check https://github.com/rmax/scrapy-redis#features[0m
2025-02-28 20:25:29 [image_downloader] WARNING: [93mWARNING: String request is deprecated, please use JSON data format. Detail information, please check https://github.com/rmax/scrapy-redis#features[0m
2025-02-28 20:25:29 [scrapy.core.scraper] WARNING: Dropped: 缺失URL字段
{'image_urls': 'https://i2.hdslb.com/bfs/archive/1abf786edafee2e5730ab1798f1274b85d935519.jpg@672w_378h_1c',
 'page_url': 'https://www.bilibili.com/v/food/'}
2025-02-28 20:25:32 [scrapy.core.scraper] WARNING: Dropped: 缺失URL字段
{'image_urls': 'https://i0.hdslb.com/bfs/archive/817ccbd7e7e3434989a712dd66b94c3148954157.jpg@672w_378h_1c',
 'page_url': 'https://www.bilibili.com/v/life/'}
2025-02-28 20:25:34 [image_downloader] WARNING: [93mWARNING: String request is deprecated, please use JSON data format. Detail information, please check https://github.com/rmax/scrapy-redis#features[0m
2025-02-28 20:25:34 [scrapy.core.scraper] WARNING: Dropped: 缺失URL字段
{'image_urls': 'https://i0.hdslb.com/bfs/static/jinkela/long/images/eva.png',
 'page_url': 'https://www.bilibili.com/v/music/'}
2025-02-28 20:25:34 [image_downloader] WARNING: [93mWARNING: String request is deprecated, please use JSON data format. Detail information, please check https://github.com/rmax/scrapy-redis#features[0m
2025-02-28 20:25:35 [scrapy.core.scraper] WARNING: Dropped: 缺失URL字段
{'page_url': 'https://www.bilibili.com/v/sports/'}
2025-02-28 20:25:39 [image_downloader] WARNING: [93mWARNING: String request is deprecated, please use JSON data format. Detail information, please check https://github.com/rmax/scrapy-redis#features[0m
2025-02-28 20:25:39 [image_downloader] WARNING: [93mWARNING: String request is deprecated, please use JSON data format. Detail information, please check https://github.com/rmax/scrapy-redis#features[0m
2025-02-28 20:25:39 [image_downloader] WARNING: [93mWARNING: String request is deprecated, please use JSON data format. Detail information, please check https://github.com/rmax/scrapy-redis#features[0m
2025-02-28 20:25:39 [scrapy.core.scraper] WARNING: Dropped: 缺失URL字段
{'image_urls': 'https://i1.hdslb.com/bfs/archive/705500a45ce5e72eedf361a97cb698dbcc899a9c.jpg@672w_378h_1c',
 'page_url': 'https://www.bilibili.com/v/animal/'}
2025-02-28 20:25:40 [scrapy.core.scraper] WARNING: Dropped: 缺失URL字段
{'image_urls': 'https://i0.hdslb.com/bfs/static/jinkela/long/images/eva.png',
 'page_url': 'https://www.bilibili.com/v/fashion/'}
2025-02-28 20:25:42 [scrapy.core.scraper] WARNING: Dropped: 缺失URL字段
{'page_url': 'https://www.bilibili.com/v/cinephile/'}
2025-02-28 20:25:42 [image_downloader] WARNING: [93mWARNING: String request is deprecated, please use JSON data format. Detail information, please check https://github.com/rmax/scrapy-redis#features[0m
2025-02-28 20:25:42 [image_downloader] WARNING: [93mWARNING: String request is deprecated, please use JSON data format. Detail information, please check https://github.com/rmax/scrapy-redis#features[0m
2025-02-28 20:25:42 [scrapy.core.scraper] WARNING: Dropped: 缺失URL字段
{'image_urls': 'https://www.bilibili.com/v/virtual/',
 'page_url': 'https://www.bilibili.com/v/virtual/'}
2025-02-28 20:25:44 [scrapy.core.scraper] WARNING: Dropped: 缺失URL字段
{'image_urls': 'https://i2.hdslb.com/bfs/archive/82c79f4c201e4c875dd0d2ff30b568c480d8bec5.jpg@672w_378h_1c',
 'page_url': 'https://www.bilibili.com/v/life/funny/'}
2025-02-28 20:25:48 [scrapy.crawler] INFO: Received SIGINT, shutting down gracefully. Send again to force 
2025-02-28 20:25:48 [scrapy.core.engine] INFO: Closing spider (shutdown)
2025-02-28 20:25:48 [scrapy.statscollectors] INFO: Dumping Scrapy stats:
{'downloader/request_bytes': 3750,
 'downloader/request_count': 10,
 'downloader/request_method_count/GET': 10,
 'downloader/response_bytes': 225047,
 'downloader/response_count': 10,
 'downloader/response_status_count/200': 10,
 'elapsed_time_seconds': 29.286905,
 'finish_reason': 'shutdown',
 'finish_time': datetime.datetime(2025, 2, 28, 12, 25, 48, 699132, tzinfo=datetime.timezone.utc),
 'httpcompression/response_bytes': 1219337,
 'httpcompression/response_count': 10,
 'item_dropped_count': 10,
 'item_dropped_reasons_count/DropItem': 10,
 'items_per_minute': None,
 'log_count/INFO': 11,
 'log_count/WARNING': 20,
 'response_received_count': 10,
 'responses_per_minute': None,
 'scheduler/dequeued/redis': 10,
 'scheduler/enqueued/redis': 10,
 'start_time': datetime.datetime(2025, 2, 28, 12, 25, 19, 412227, tzinfo=datetime.timezone.utc)}
2025-02-28 20:25:48 [scrapy.core.engine] INFO: Spider closed (shutdown)
